[2023-02-19 21:43:21] [INFO]: 当前版本:v1.0.0-rc3 
[2023-02-19 21:43:21] [INFO]: 将使用 device.json 内的设备信息运行Bot. 
[2023-02-19 21:43:21] [INFO]: Bot将在5秒后登录并开始信息处理, 按 Ctrl+C 取消. 
[2023-02-19 21:43:26] [INFO]: 开始尝试登录并同步消息... 
[2023-02-19 21:43:26] [INFO]: 使用协议: iPad 
[2023-02-19 21:43:32] [INFO]: Protocol -> connect to server: 120.241.150.69:8080 
[2023-02-19 21:43:32] [WARNING]: Protocol -> device lock is disable. http api may fail. 
[2023-02-19 21:43:33] [INFO]: 登录成功 欢迎使用: Eternity 
[2023-02-19 21:43:33] [INFO]: 开始加载好友列表... 
[2023-02-19 21:43:33] [INFO]: 共加载 2 个好友. 
[2023-02-19 21:43:33] [INFO]: 开始加载群列表... 
[2023-02-19 21:43:34] [INFO]: 共加载 3 个群. 
[2023-02-19 21:43:34] [INFO]: 资源初始化完成, 开始处理信息. 
[2023-02-19 21:43:34] [WARNING]: 正向 Websocket 使用了过时的配置格式，请更新配置文件 
[2023-02-19 21:43:34] [WARNING]: HTTP 服务器使用了过时的配置格式，请更新配置文件！ 
[2023-02-19 21:43:34] [INFO]: アトリは、高性能ですから! 
[2023-02-19 21:43:34] [INFO]: 正在检查更新. 
[2023-02-19 21:43:34] [INFO]: CQ WebSocket 服务器已启动: 127.0.0.1:5700 
[2023-02-19 21:43:34] [INFO]: CQ HTTP 服务器已启动: 127.0.0.1:8000 
[2023-02-19 21:43:35] [INFO]: 收到服务器地址更新通知, 将在下一次重连时应用.  
[2023-02-19 21:43:35] [INFO]: 当前有更新的 go-cqhttp 可供更新, 请前往 https://github.com/Mrs4s/go-cqhttp/releases 下载. 
[2023-02-19 21:43:35] [INFO]: 当前版本: v1.0.0-rc3 最新版本: v1.0.0-rc4 
[2023-02-19 21:43:35] [INFO]: 开始诊断网络情况 
[2023-02-19 21:43:37] [INFO]: 网络诊断完成. 未发现问题 
[2023-02-19 21:59:10] [INFO]: 当前版本:v1.0.0-rc3 
[2023-02-19 21:59:10] [INFO]: 将使用 device.json 内的设备信息运行Bot. 
[2023-02-19 21:59:10] [INFO]: Bot将在5秒后登录并开始信息处理, 按 Ctrl+C 取消. 
[2023-02-19 21:59:15] [INFO]: 开始尝试登录并同步消息... 
[2023-02-19 21:59:15] [INFO]: 使用协议: iPad 
[2023-02-19 21:59:15] [INFO]: Protocol -> connect to server: 120.232.67.190:8080 
[2023-02-19 21:59:15] [WARNING]: Protocol -> device lock is disable. http api may fail. 
[2023-02-19 21:59:17] [INFO]: 登录成功 欢迎使用: Eternity 
[2023-02-19 21:59:17] [INFO]: 开始加载好友列表... 
[2023-02-19 21:59:17] [INFO]: 共加载 2 个好友. 
[2023-02-19 21:59:17] [INFO]: 开始加载群列表... 
[2023-02-19 21:59:18] [INFO]: 共加载 3 个群. 
[2023-02-19 21:59:18] [INFO]: 资源初始化完成, 开始处理信息. 
[2023-02-19 21:59:18] [WARNING]: 正向 Websocket 使用了过时的配置格式，请更新配置文件 
[2023-02-19 21:59:18] [WARNING]: HTTP 服务器使用了过时的配置格式，请更新配置文件！ 
[2023-02-19 21:59:18] [INFO]: アトリは、高性能ですから! 
[2023-02-19 21:59:18] [INFO]: CQ WebSocket 服务器已启动: 127.0.0.1:5700 
[2023-02-19 21:59:18] [INFO]: 正在检查更新. 
[2023-02-19 21:59:18] [INFO]: CQ HTTP 服务器已启动: 127.0.0.1:8000 
[2023-02-19 21:59:19] [INFO]: 当前有更新的 go-cqhttp 可供更新, 请前往 https://github.com/Mrs4s/go-cqhttp/releases 下载. 
[2023-02-19 21:59:19] [INFO]: 当前版本: v1.0.0-rc3 最新版本: v1.0.0-rc4 
[2023-02-19 21:59:19] [INFO]: 开始诊断网络情况 
[2023-02-19 21:59:21] [INFO]: 网络诊断完成. 未发现问题 
[2023-02-19 21:59:39] [INFO]: 收到群 精神疾病控制中心(663953737) 内 Matsuri(2819120340) 的消息: 就那个打王国战士哪一集 (314797008) 
[2023-02-19 21:59:48] [INFO]: 收到群 精神疾病控制中心(663953737) 内 虚实双生(2895138348) 的消息: [CQ:reply,id=926265377][CQ:at,qq=730716745] [CQ:at,qq=730716745] 好像是某技能显示的东西(不记得了) (1707367238) 
[2023-02-19 22:00:11] [INFO]: 收到群 精神疾病控制中心(663953737) 内 戒冲第一年(730716745) 的消息: 哦 (-53671172) 
[2023-02-19 22:00:15] [INFO]: 收到群 精神疾病控制中心(663953737) 内 戒冲第一年(730716745) 的消息: 想起来了 (-1949681046) 
[2023-02-19 22:00:25] [INFO]: 收到群 精神疾病控制中心(663953737) 内 戒冲第一年(730716745) 的消息: 死人堆 (363769801) 
[2023-02-19 22:00:36] [INFO]: 收到群 精神疾病控制中心(663953737) 内 Matsuri(2819120340) 的消息: http://b23.tv/Vltd9u4 (1655283551) 
[2023-02-19 22:00:38] [INFO]: 收到群 精神疾病控制中心(663953737) 内 Matsuri(2819120340) 的消息: 就这个 (-73347355) 
[2023-02-19 22:00:40] [INFO]: 收到群 精神疾病控制中心(663953737) 内 Matsuri(2819120340) 的消息: 小黑山羊 (-1935147405) 
[2023-02-19 22:01:05] [INFO]: 收到群 精神疾病控制中心(663953737) 内 Matsuri(2819120340) 的消息: 你觉得牛鬼跟这个打一场 (471393250) 
[2023-02-19 22:01:06] [INFO]: 收到群 精神疾病控制中心(663953737) 内 Matsuri(2819120340) 的消息: [CQ:image,file=8664717548704b1d072439f5b1041705.image,subType=1,url=https://gchat.qpic.cn/gchatpic_new/2819120340/663953737-2645462616-8664717548704B1D072439F5B1041705/0?term=3&amp;is_origin=0] (1797247860) 
[2023-02-19 22:01:21] [INFO]: 发送群 Pixiv图库(123572747) 的消息: 6 (1616048831) 
[2023-02-19 22:01:22] [INFO]: 收到群 Pixiv图库(123572747) 内 Eternity(1092525510) 的消息:  &#91;CQ:record,file=DC8103833AD31CC0AB6BDB558408A585.amr&#93; (-111435003) 
[2023-02-19 22:01:22] [INFO]: 收到群 Pixiv图库(123572747) 内 熙和(986955744) 的消息:  &#91;CQ:record,file=DC8103833AD31CC0AB6BDB558408A585.amr&#93; (272107056) 
[2023-02-19 22:01:22] [INFO]: 收到群 Pixiv图库(123572747) 内 与鹿1(3021500755) 的消息:  &#91;CQ:record,file=DC8103833AD31CC0AB6BDB558408A585.amr&#93; (-1906535533) 
[2023-02-19 22:01:22] [INFO]: 收到群 Pixiv图库(123572747) 内 Eternity(1092525510) 的消息: 9 (1732196006) 
[2023-02-19 23:13:37] [WARNING]: 账号密码未配置, 将使用二维码登录. 
[2023-02-19 23:13:37] [WARNING]: 将在 5秒 后继续. 
[2023-02-19 23:13:42] [INFO]: 当前版本:v1.0.0-rc3 
[2023-02-19 23:13:42] [WARNING]: 虚拟设备信息不存在, 将自动生成随机设备. 
[2023-02-19 23:13:42] [INFO]: 已生成设备信息并保存到 device.json 文件. 
[2023-02-19 23:13:42] [INFO]: Bot将在5秒后登录并开始信息处理, 按 Ctrl+C 取消. 
[2023-02-19 23:19:35] [INFO]: 当前版本:v1.0.0-rc3 
[2023-02-19 23:19:35] [INFO]: 将使用 device.json 内的设备信息运行Bot. 
[2023-02-19 23:19:35] [INFO]: Bot将在5秒后登录并开始信息处理, 按 Ctrl+C 取消. 
[2023-02-19 23:19:40] [INFO]: 开始尝试登录并同步消息... 
[2023-02-19 23:19:40] [INFO]: 使用协议: iPad 
[2023-02-19 23:19:41] [INFO]: Protocol -> connect to server: 120.232.19.199:8080 
[2023-02-19 23:19:41] [WARNING]: Protocol -> device lock is disable. http api may fail. 
[2023-02-19 23:19:43] [INFO]: 登录成功 欢迎使用: Eternity 
[2023-02-19 23:19:43] [INFO]: 开始加载好友列表... 
[2023-02-19 23:19:43] [INFO]: 共加载 2 个好友. 
[2023-02-19 23:19:43] [INFO]: 开始加载群列表... 
[2023-02-19 23:19:44] [INFO]: 收到服务器地址更新通知, 将在下一次重连时应用.  
[2023-02-19 23:19:44] [INFO]: 共加载 3 个群. 
[2023-02-19 23:19:44] [INFO]: 资源初始化完成, 开始处理信息. 
[2023-02-19 23:19:44] [WARNING]: 正向 Websocket 使用了过时的配置格式，请更新配置文件 
[2023-02-19 23:19:44] [WARNING]: HTTP 服务器使用了过时的配置格式，请更新配置文件！ 
[2023-02-19 23:19:44] [INFO]: アトリは、高性能ですから! 
[2023-02-19 23:19:44] [INFO]: CQ WebSocket 服务器已启动: 127.0.0.1:5700 
[2023-02-19 23:19:44] [INFO]: CQ HTTP 服务器已启动: 127.0.0.1:8000 
[2023-02-19 23:19:44] [INFO]: 正在检查更新. 
[2023-02-19 23:19:44] [INFO]: 当前有更新的 go-cqhttp 可供更新, 请前往 https://github.com/Mrs4s/go-cqhttp/releases 下载. 
[2023-02-19 23:19:44] [INFO]: 当前版本: v1.0.0-rc3 最新版本: v1.0.0-rc4 
[2023-02-19 23:19:44] [INFO]: 开始诊断网络情况 
[2023-02-19 23:19:47] [INFO]: 网络诊断完成. 未发现问题 
[2023-02-19 23:20:04] [INFO]: 收到群 精神疾病控制中心(663953737) 内 Matsuri(2819120340) 的消息: 傻逼移动 (363331133) 
[2023-02-19 23:20:13] [INFO]: 当前版本:v1.0.0-rc3 
[2023-02-19 23:20:13] [INFO]: 将使用 device.json 内的设备信息运行Bot. 
[2023-02-19 23:20:13] [INFO]: Bot将在5秒后登录并开始信息处理, 按 Ctrl+C 取消. 
[2023-02-19 23:20:18] [INFO]: 开始尝试登录并同步消息... 
[2023-02-19 23:20:18] [INFO]: 使用协议: iPad 
[2023-02-19 23:20:18] [INFO]: Protocol -> connect to server: 120.232.67.190:8080 
[2023-02-19 23:20:18] [WARNING]: Protocol -> device lock is disable. http api may fail. 
[2023-02-19 23:20:20] [INFO]: 登录成功 欢迎使用: Eternity 
[2023-02-19 23:20:20] [INFO]: 开始加载好友列表... 
[2023-02-19 23:20:20] [INFO]: 共加载 2 个好友. 
[2023-02-19 23:20:20] [INFO]: 开始加载群列表... 
[2023-02-19 23:20:21] [INFO]: 共加载 3 个群. 
[2023-02-19 23:20:21] [INFO]: 资源初始化完成, 开始处理信息. 
[2023-02-19 23:20:21] [WARNING]: HTTP 服务器使用了过时的配置格式，请更新配置文件！ 
[2023-02-19 23:20:21] [WARNING]: 正向 Websocket 使用了过时的配置格式，请更新配置文件 
[2023-02-19 23:20:21] [INFO]: アトリは、高性能ですから! 
[2023-02-19 23:20:21] [INFO]: CQ HTTP 服务器已启动: 127.0.0.1:8000 
[2023-02-19 23:20:21] [INFO]: CQ WebSocket 服务器已启动: 127.0.0.1:5700 
[2023-02-19 23:20:21] [INFO]: 正在检查更新. 
[2023-02-19 23:20:21] [INFO]: 当前有更新的 go-cqhttp 可供更新, 请前往 https://github.com/Mrs4s/go-cqhttp/releases 下载. 
[2023-02-19 23:20:21] [INFO]: 当前版本: v1.0.0-rc3 最新版本: v1.0.0-rc4 
[2023-02-19 23:20:21] [INFO]: 开始诊断网络情况 
[2023-02-19 23:20:23] [INFO]: 网络诊断完成. 未发现问题 
[2023-02-19 23:20:24] [INFO]: 收到群 精神疾病控制中心(663953737) 内 打个∠先(340817624) 的消息: [CQ:reply,id=662054034][CQ:at,qq=198351316] [CQ:at,qq=198351316] 😰😰😱 (315243044) 
[2023-02-19 23:20:28] [INFO]: 收到群 精神疾病控制中心(663953737) 内 柒月搁浅(1323472480) 的消息: 你们把移动炸了吧 (1707936434) 
[2023-02-19 23:20:28] [INFO]: 收到群 精神疾病控制中心(663953737) 内 Matsuri(2819120340) 的消息: 联通我不知道什么情况 (-177072349) 
[2023-02-19 23:20:32] [INFO]: 收到群 精神疾病控制中心(663953737) 内 Matsuri(2819120340) 的消息: 估计也悬 (-2106251339) 
[2023-02-19 23:20:37] [INFO]: 收到群 精神疾病控制中心(663953737) 内 打个∠先(340817624) 的消息: 不要抓我😭😭😭 (521284237) 
[2023-02-19 23:20:44] [INFO]: 收到群 精神疾病控制中心(663953737) 内 Skri(1756744418) 的消息: [CQ:image,file=ef7b34e88175b5d7a6fc3170cd118c34.image,subType=0,url=https://gchat.qpic.cn/gchatpic_new/1756744418/663953737-2735028530-EF7B34E88175B5D7A6FC3170CD118C34/0?term=3&amp;is_origin=0] (1746213403) 
[2023-02-19 23:20:45] [INFO]: 收到群 精神疾病控制中心(663953737) 内 打个∠先(340817624) 的消息: 我去有人敲门 (-249803871) 
[2023-02-19 23:21:02] [INFO]: 发送好友 672545360(672545360)  的消息: 您的稿件BV1x84 ... (126455184) 
[2023-02-19 23:21:03] [INFO]: 收到群 精神疾病控制中心(663953737) 内 Matsuri(2819120340) 的消息: 我全炸 (-2045019337) 
[2023-02-19 23:21:09] [INFO]: 收到群 精神疾病控制中心(663953737) 内 Matsuri(2819120340) 的消息: 没一个能用 (411037332) 
[2023-02-19 23:21:11] [INFO]: 收到群 精神疾病控制中心(663953737) 内 Skri(1756744418) 的消息: 我能用的还多 (1870192130) 
[2023-02-19 23:21:11] [INFO]: 收到群 精神疾病控制中心(663953737) 内 Matsuri(2819120340) 的消息: [CQ:image,file=8664717548704b1d072439f5b1041705.image,subType=1,url=https://gchat.qpic.cn/gchatpic_new/2819120340/663953737-2808984770-8664717548704B1D072439F5B1041705/0?term=3&amp;is_origin=0] (-160329800) 
[2023-02-19 23:21:24] [INFO]: 收到群 精神疾病控制中心(663953737) 内 Matsuri(2819120340) 的消息: 这段时间就靠的大机场 (-2122924242) 
[2023-02-19 23:21:35] [INFO]: 收到群 精神疾病控制中心(663953737) 内 Matsuri(2819120340) 的消息: 前两天亲戚家电信300M (298427071) 
[2023-02-19 23:21:39] [INFO]: 收到群 精神疾病控制中心(663953737) 内 Matsuri(2819120340) 的消息: 还挺舒服 (1724813865) 
[2023-02-19 23:21:44] [INFO]: 收到群 精神疾病控制中心(663953737) 内 Skri(1756744418) 的消息: hhhh (101260236) 
[2023-02-19 23:21:54] [INFO]: 收到群 精神疾病控制中心(663953737) 内 Matsuri(2819120340) 的消息: 你的节点基本好了80% (1896754010) 
[2023-02-19 23:21:57] [INFO]: 收到群 精神疾病控制中心(663953737) 内 Matsuri(2819120340) 的消息: 太草 (-402162976) 
[2023-02-19 23:22:04] [INFO]: 收到群 精神疾病控制中心(663953737) 内 柒月搁浅(1323472480) 的消息: 以后也学网络技术行吗 (-1627370890) 
[2023-02-19 23:22:09] [INFO]: 收到群 精神疾病控制中心(663953737) 内 Skri(1756744418) 的消息: 别说炸不炸了 (23388117) 
[2023-02-19 23:22:14] [INFO]: 收到群 精神疾病控制中心(663953737) 内 Skri(1756744418) 的消息: 我给你看看我自己用的 (1986260803) 
[2023-02-19 23:22:23] [INFO]: 收到群 精神疾病控制中心(663953737) 内 Skri(1756744418) 的消息: [CQ:image,file=cc45e2875bef8dbb871d77556336cb53.image,subType=0,url=https://gchat.qpic.cn/gchatpic_new/1756744418/663953737-3128442674-CC45E2875BEF8DBB871D77556336CB53/0?term=3&amp;is_origin=0] (-278216967) 
[2023-02-19 23:22:54] [INFO]: 收到群 精神疾病控制中心(663953737) 内 Skri(1756744418) 的消息: [CQ:image,file=6ec9fa748265a3358519c0f2c7b91946.image,subType=1,url=https://gchat.qpic.cn/gchatpic_new/1756744418/663953737-2600322738-6EC9FA748265A3358519C0F2C7B91946/0?term=3&amp;is_origin=0] (-1737650577) 
[2023-02-19 23:23:05] [INFO]: 收到群 精神疾病控制中心(663953737) 内 打个∠先(340817624) 的消息: [CQ:image,file=455de598aecf83e483b982fbb06b7b47.image,subType=1,url=https://gchat.qpic.cn/gchatpic_new/340817624/663953737-2586689036-455DE598AECF83E483B982FBB06B7B47/0?term=3&amp;is_origin=0] (148018174) 
[2023-02-19 23:23:08] [INFO]: 收到群 精神疾病控制中心(663953737) 内 Skri(1756744418) 的消息: [CQ:at,qq=2819120340] (2144707432) 
[2023-02-19 23:23:11] [INFO]: 收到群 精神疾病控制中心(663953737) 内 Matsuri(2819120340) 的消息: 你至少有几个能用 (757352463) 
[2023-02-19 23:23:12] [INFO]: 收到群 精神疾病控制中心(663953737) 内 Matsuri(2819120340) 的消息: 我全炸 (1512274073) 
[2023-02-19 23:23:12] [INFO]: 收到群 精神疾病控制中心(663953737) 内 Skri(1756744418) 的消息: 你更新订阅看看 (-1020647133) 
[2023-02-19 23:23:19] [INFO]: 收到群 精神疾病控制中心(663953737) 内 Matsuri(2819120340) 的消息: 更新了？ (-1272112715) 
[2023-02-19 23:23:20] [INFO]: 收到群 精神疾病控制中心(663953737) 内 Skri(1756744418) 的消息: 更新一下在关了测试 (709463062) 
[2023-02-19 23:23:22] [INFO]: 收到群 精神疾病控制中心(663953737) 内 Skri(1756744418) 的消息: 没 (1565441152) 
[2023-02-19 23:23:27] [INFO]: 收到群 精神疾病控制中心(663953737) 内 Skri(1756744418) 的消息: 我是说让你更新一下 关了测 (-1001919174) 
[2023-02-19 23:24:06] [INFO]: 收到群 精神疾病控制中心(663953737) 内 阅读理解还是你最在行(198351316) 的消息: [CQ:image,file=e19e2bc3793eb7325a99d7423f18fa7c.image,subType=0,url=https://gchat.qpic.cn/gchatpic_new/198351316/663953737-2724920580-E19E2BC3793EB7325A99D7423F18FA7C/0?term=3&amp;is_origin=0] (-1287594580) 
[2023-02-19 23:25:15] [INFO]: 收到群 精神疾病控制中心(663953737) 内 Matsuri(2819120340) 的消息: [CQ:image,file=7371346292eaf45c1461a74da4d56ac1.image,subType=0,url=https://gchat.qpic.cn/gchatpic_new/2819120340/663953737-2642882094-7371346292EAF45C1461A74DA4D56AC1/0?term=3&amp;is_origin=0] (603963453) 
[2023-02-19 23:25:36] [INFO]: 收到群 精神疾病控制中心(663953737) 内 卖光盘的小裤衩(123275419) 的消息: [CQ:image,file=cffbe8d56e090303049b7acaf1ccfab7.image,subType=1,url=https://gchat.qpic.cn/gchatpic_new/123275419/663953737-2316607370-CFFBE8D56E090303049B7ACAF1CCFAB7/0?term=3&amp;is_origin=0] (1425600683) 
[2023-02-19 23:25:39] [INFO]: 收到群 精神疾病控制中心(663953737) 内 卖光盘的小裤衩(123275419) 的消息: 加班加到死 (876575054) 
[2023-02-19 23:25:59] [INFO]: 收到群 精神疾病控制中心(663953737) 内 Matsuri(2819120340) 的消息: [CQ:image,file=06daca87accc34e500d1ce2e6091618c.image,subType=0,url=https://gchat.qpic.cn/gchatpic_new/2819120340/663953737-2259074078-06DACA87ACCC34E500D1CE2E6091618C/0?term=3&amp;is_origin=0] (1127762392) 
[2023-02-19 23:26:06] [INFO]: 收到群 精神疾病控制中心(663953737) 内 Matsuri(2819120340) 的消息: [CQ:image,file=702c18212146a6ca8f7babe663298a5c.image,subType=0,url=https://gchat.qpic.cn/gchatpic_new/2819120340/663953737-2196334056-702C18212146A6CA8F7BABE663298A5C/0?term=3&amp;is_origin=0] (-634316702) 
[2023-02-19 23:26:09] [INFO]: 收到群 精神疾病控制中心(663953737) 内 Matsuri(2819120340) 的消息: 有延迟但是用不了 (-1388959500) 
[2023-02-19 23:26:15] [INFO]: 收到群 精神疾病控制中心(663953737) 内 Skri(1756744418) 的消息: 让你测真延迟 (861060439) 
[2023-02-19 23:26:39] [INFO]: 收到群 精神疾病控制中心(663953737) 内 Matsuri(2819120340) 的消息: 就是真 (1146457537) 
[2023-02-19 23:26:45] [INFO]: 收到群 精神疾病控制中心(663953737) 内 Matsuri(2819120340) 的消息: ctrl+r (-581116805) 
[2023-02-19 23:27:14] [INFO]: 收到群 精神疾病控制中心(663953737) 内 Skri(1756744418) 的消息: 然后开了没 (-1436816147) 
[2023-02-19 23:27:23] [INFO]: 收到群 精神疾病控制中心(663953737) 内 Matsuri(2819120340) 的消息: 没开啊 (988082556) 
[2023-02-19 23:27:31] [INFO]: 收到群 精神疾病控制中心(663953737) 内 Matsuri(2819120340) 的消息: 上面的全炸 (1306771946) 
[2023-02-19 23:27:34] [INFO]: 收到群 精神疾病控制中心(663953737) 内 Skri(1756744418) 的消息: 你打开在用啊 (2071916425) 
[2023-02-19 23:27:35] [INFO]: 收到群 精神疾病控制中心(663953737) 内 Matsuri(2819120340) 的消息: 下面的有延迟用不了 (209313567) 
[2023-02-19 23:27:49] [INFO]: 收到群 精神疾病控制中心(663953737) 内 Matsuri(2819120340) 的消息: [CQ:reply,id=2071916425][CQ:at,qq=1756744418] [CQ:at,qq=1756744418] 是 (-1787785563) 
[2023-02-19 23:27:57] [INFO]: 收到群 精神疾病控制中心(663953737) 内 Matsuri(2819120340) 的消息: [CQ:image,file=c19f4488686b7400ad20ffb7d6fe64f3.image,subType=0,url=https://gchat.qpic.cn/gchatpic_new/2819120340/663953737-3151996598-C19F4488686B7400AD20FFB7D6FE64F3/0?term=3&amp;is_origin=0] (-495469005) 
[2023-02-19 23:28:01] [INFO]: 收到群 精神疾病控制中心(663953737) 内 Matsuri(2819120340) 的消息: 就一直卡着 (2081631120) 
[2023-02-19 23:28:09] [INFO]: 收到群 精神疾病控制中心(663953737) 内 Skri(1756744418) 的消息: [CQ:image,file=173c7b928a1ae0b0fab6ff0079c5de9a.image,subType=0,url=https://gchat.qpic.cn/gchatpic_new/1756744418/663953737-2268719380-173C7B928A1AE0B0FAB6FF0079C5DE9A/0?term=3&amp;is_origin=0] (185867014) 
[2023-02-19 23:28:11] [INFO]: 收到群 精神疾病控制中心(663953737) 内 Skri(1756744418) 的消息: 你重进 (-1843574084) 
[2023-02-19 23:28:14] [INFO]: 收到群 精神疾病控制中心(663953737) 内 Skri(1756744418) 的消息: 这不是能用 (1973774267) 
[2023-02-19 23:28:14] [INFO]: 收到群 精神疾病控制中心(663953737) 内 Matsuri(2819120340) 的消息: [CQ:image,file=d5713996f20b0ebdb8ef2fcce0bca23f.image,subType=0,url=https://gchat.qpic.cn/gchatpic_new/2819120340/663953737-2217133944-D5713996F20B0EBDB8EF2FCCE0BCA23F/0?term=3&amp;is_origin=0] (-451249622) 
[2023-02-19 23:28:24] [INFO]: 收到群 精神疾病控制中心(663953737) 内 Skri(1756744418) 的消息: 你连接节点之后在打开啊 (44193581) 
[2023-02-19 23:28:24] [INFO]: 收到群 精神疾病控制中心(663953737) 内 Skri(1756744418) 的消息: sb (1650843336) 
[2023-02-19 23:28:33] [INFO]: 收到群 精神疾病控制中心(663953737) 内 Skri(1756744418) 的消息: 数据还是之前的 (358805086) 
[2023-02-19 23:28:38] [INFO]: 收到群 精神疾病控制中心(663953737) 内 Skri(1756744418) 的消息: 状态都没刷新 (-1939095580) 
[2023-02-19 23:28:45] [INFO]: 收到群 精神疾病控制中心(663953737) 内 Skri(1756744418) 的消息: [CQ:image,file=de869707e75921de343d2498c95012df.image,subType=1,url=https://gchat.qpic.cn/gchatpic_new/1756744418/663953737-2328442980-DE869707E75921DE343D2498C95012DF/0?term=3&amp;is_origin=0] (-76771470) 
[2023-02-19 23:28:46] [INFO]: 收到群 精神疾病控制中心(663953737) 内 Matsuri(2819120340) 的消息: 怎么突然又可以了 (1695029969) 
[2023-02-19 23:28:52] [INFO]: 收到群 精神疾病控制中心(663953737) 内 Skri(1756744418) 的消息: 你是sb啊 (302983751) 
[2023-02-19 23:28:56] [INFO]: 收到群 精神疾病控制中心(663953737) 内 Skri(1756744418) 的消息: 不刷新就用 (-1962509315) 
[2023-02-19 23:29:04] [INFO]: 收到群 精神疾病控制中心(663953737) 内 Skri(1756744418) 的消息: 之前访问的时候还是你没开的状态 (-67024021) 
[2023-02-19 23:29:26] [INFO]: 群 精神疾病控制中心(663953737) 内 Skri(1756744418) 撤回了 Skri(1756744418) 的消息: 185867014. 
[2023-02-19 23:29:30] [INFO]: 收到群 精神疾病控制中心(663953737) 内 Skri(1756744418) 的消息: [CQ:image,file=de869707e75921de343d2498c95012df.image,subType=1,url=https://gchat.qpic.cn/gchatpic_new/1756744418/663953737-2202749878-DE869707E75921DE343D2498C95012DF/0?term=3&amp;is_origin=0] (1824413434) 
[2023-02-19 23:29:30] [INFO]: 收到群 精神疾病控制中心(663953737) 内 Matsuri(2819120340) 的消息: [CQ:image,file=9b835cd60c49e3baff95f2c5287a75a9.image,subType=1,url=https://gchat.qpic.cn/gchatpic_new/2819120340/663953737-2265131644-9B835CD60C49E3BAFF95F2C5287A75A9/0?term=3&amp;is_origin=0] (465135212) 
[2023-02-19 23:29:42] [INFO]: 收到群 精神疾病控制中心(663953737) 内 Matsuri(2819120340) 的消息: [CQ:image,file=7ed507492b840e79acf847710cd258bf.image,subType=0,url=https://gchat.qpic.cn/gchatpic_new/2819120340/663953737-2535869220-7ED507492B840E79ACF847710CD258BF/0?term=3&amp;is_origin=0] (1229491467) 
[2023-02-19 23:29:55] [INFO]: 收到群 精神疾病控制中心(663953737) 内 Matsuri(2819120340) 的消息: sb移动，害 (1045413277) 
[2023-02-19 23:30:14] [INFO]: 群 精神疾病控制中心(663953737) 内 Matsuri(2819120340) 撤回了 Matsuri(2819120340) 的消息: 1127762392. 
[2023-02-19 23:30:18] [INFO]: 群 精神疾病控制中心(663953737) 内 Matsuri(2819120340) 撤回了 Matsuri(2819120340) 的消息: 603963453. 
[2023-02-19 23:30:20] [INFO]: 收到群 精神疾病控制中心(663953737) 内 Skri(1756744418) 的消息: [CQ:image,file=de869707e75921de343d2498c95012df.image,subType=1,url=https://gchat.qpic.cn/gchatpic_new/1756744418/663953737-3015416944-DE869707E75921DE343D2498C95012DF/0?term=3&amp;is_origin=0] (-1488524249) 
[2023-02-19 23:30:58] [INFO]: 收到群 精神疾病控制中心(663953737) 内 Matsuri(2819120340) 的消息: [CQ:at,qq=3237088947] 电脑连airpods耗电更快，蓝牙距离更短 (-800990031) 
[2023-02-19 23:31:04] [INFO]: 收到群 精神疾病控制中心(663953737) 内 Skri(1756744418) 的消息: [CQ:image,file=506fd637044ab3e4afd336d028f6f681.image,subType=0,url=https://gchat.qpic.cn/gchatpic_new/1756744418/663953737-2523892184-506FD637044AB3E4AFD336D028F6F681/0?term=3&amp;is_origin=0] (1311066386) 
[2023-02-19 23:31:08] [INFO]: 收到群 精神疾病控制中心(663953737) 内 Skri(1756744418) 的消息: 哪里有问题？ (958560644) 
[2023-02-19 23:31:19] [INFO]: 收到群 精神疾病控制中心(663953737) 内 Matsuri(2819120340) 的消息: [CQ:image,file=9b835cd60c49e3baff95f2c5287a75a9.image,subType=1,url=https://gchat.qpic.cn/gchatpic_new/2819120340/663953737-2447319364-9B835CD60C49E3BAFF95F2C5287A75A9/0?term=3&amp;is_origin=0] (-1607784386) 
[2023-02-19 23:31:22] [INFO]: 收到群 精神疾病控制中心(663953737) 内 火鸡味锅巴(3215047486) 的消息: [CQ:image,file=5ee018097e7387176781d88482f3541a.image,subType=0,url=https://gchat.qpic.cn/gchatpic_new/3215047486/663953737-2356449518-5EE018097E7387176781D88482F3541A/0?term=3&amp;is_origin=0] (-684975960) 
[2023-02-19 23:31:26] [INFO]: 收到群 精神疾病控制中心(663953737) 内 火鸡味锅巴(3215047486) 的消息: 傻逼 (1200817465) 
[2023-02-19 23:31:28] [INFO]: 收到群 精神疾病控制中心(663953737) 内 火鸡味锅巴(3215047486) 的消息: 原神 (815019439) 
[2023-02-19 23:31:31] [INFO]: 收到群 精神疾病控制中心(663953737) 内 Matsuri(2819120340) 的消息: 向日葵上线你来研究 (1347664970) 
[2023-02-19 23:31:35] [INFO]: 收到群 精神疾病控制中心(663953737) 内 Skri(1756744418) 的消息: 别研究了 (659852508) 
[2023-02-19 23:31:38] [INFO]: 收到群 精神疾病控制中心(663953737) 内 Skri(1756744418) 的消息: 你那B网络问题 (-1101144730) 
[2023-02-19 23:31:55] [INFO]: 收到群 精神疾病控制中心(663953737) 内 Skri(1756744418) 的消息: 玩什么原 (-916787728) 
[2023-02-19 23:31:57] [INFO]: 收到群 精神疾病控制中心(663953737) 内 Skri(1756744418) 的消息: 直接开 (1463711827) 
[2023-02-19 23:32:10] [INFO]: 收到群 精神疾病控制中心(663953737) 内 Matsuri(2819120340) 的消息: [CQ:image,file=c130fd260966360edd3f3bd3dd30def1.image,subType=0,url=https://gchat.qpic.cn/gchatpic_new/2819120340/663953737-2214120150-C130FD260966360EDD3F3BD3DD30DEF1/0?term=3&amp;is_origin=0] (540625093) 
[2023-02-19 23:32:12] [INFO]: 收到群 精神疾病控制中心(663953737) 内 Skri(1756744418) 的消息: 500块一辈子就不用充钱了 (-1188030081) 
[2023-02-19 23:32:12] [INFO]: 收到群 精神疾病控制中心(663953737) 内 Matsuri(2819120340) 的消息: 怪我咯 (-835245591) 
[2023-02-19 23:32:13] [INFO]: 收到群 精神疾病控制中心(663953737) 内 Skri(1756744418) 的消息: [CQ:image,file=17440c748f1665edb7ace1ba037b985f.image,subType=0,url=https://gchat.qpic.cn/gchatpic_new/1756744418/663953737-2830076980-17440C748F1665EDB7ACE1BA037B985F/0?term=3&amp;is_origin=0] (1585984632) 
[2023-02-19 23:32:15] [INFO]: 收到群 精神疾病控制中心(663953737) 内 Matsuri(2819120340) 的消息: 地区+移动 (697238766) 
[2023-02-19 23:32:18] [INFO]: 收到群 精神疾病控制中心(663953737) 内 Skri(1756744418) 的消息: 直接用到原神倒闭 (-674520955) 
[2023-02-19 23:32:18] [INFO]: 收到群 精神疾病控制中心(663953737) 内 Matsuri(2819120340) 的消息: 双重buff (-1597206509) 
[2023-02-19 23:32:27] [INFO]: 收到群 精神疾病控制中心(663953737) 内 Skri(1756744418) 的消息: 你这个上传真的垃 (969261481) 
[2023-02-19 23:32:38] [INFO]: 收到群 精神疾病控制中心(663953737) 内 Matsuri(2819120340) 的消息: 我又没去提上传 (1321398591) 
[2023-02-19 23:32:50] [INFO]: 收到群 精神疾病控制中心(663953737) 内 Skri(1756744418) 的消息: 上传我这里就没管 (-794401636) 
[2023-02-19 23:32:52] [INFO]: 收到群 精神疾病控制中心(663953737) 内 Skri(1756744418) 的消息: 默认就300 (-1482599414) 
[2023-02-19 23:32:53] [INFO]: 收到群 精神疾病控制中心(663953737) 内 Matsuri(2819120340) 的消息: 再说了5mb左右上传也够用 (1051198896) 
[2023-02-19 23:33:20] [INFO]: 收到群 精神疾病控制中心(663953737) 内 Matsuri(2819120340) 的消息: 广州这边是这样的 (1236219174) 
[2023-02-19 23:34:16] [INFO]: 收到群 精神疾病控制中心(663953737) 内 Skri(1756744418) 的消息: [CQ:image,file=0ea98f8d5f43eaf0a79bb7f0c6637999.image,subType=0,url=https://gchat.qpic.cn/gchatpic_new/1756744418/663953737-2194078710-0EA98F8D5F43EAF0A79BB7F0C6637999/0?term=3&amp;is_origin=0] (-653252425) 
[2023-02-19 23:34:21] [INFO]: 收到群 精神疾病控制中心(663953737) 内 Skri(1756744418) 的消息: 巅峰400 (-1374218207) 
[2023-02-19 23:34:26] [INFO]: 收到群 精神疾病控制中心(663953737) 内 Skri(1756744418) 的消息: 然后就掉300了 (-825191996) 
